0 info it worked if it ends with ok
1 verbose cli [ 'C:\\Program Files\\nodejs\\node.exe',
1 verbose cli   'C:\\Users\\JMJ\\AppData\\Roaming\\npm\\node_modules\\npm\\bin\\npm-cli.js',
1 verbose cli   'run',
1 verbose cli   'dist' ]
2 info using npm@3.10.10
3 info using node@v6.11.3
4 verbose run-script [ 'predist', 'dist', 'postdist' ]
5 info lifecycle tabler-ui@0.0.32~predist: tabler-ui@0.0.32
6 silly lifecycle tabler-ui@0.0.32~predist: no script for predist, continuing
7 info lifecycle tabler-ui@0.0.32~dist: tabler-ui@0.0.32
8 verbose lifecycle tabler-ui@0.0.32~dist: unsafe-perm in lifecycle true
9 verbose lifecycle tabler-ui@0.0.32~dist: PATH: C:\Users\JMJ\AppData\Roaming\npm\node_modules\npm\bin\node-gyp-bin;C:\workspace\git\tabler\node_modules\.bin;C:\Users\JMJ\bin;C:\Program Files\Git\mingw64\bin;C:\Program Files\Git\usr\local\bin;C:\Program Files\Git\usr\bin;C:\Program Files\Git\usr\bin;C:\Program Files\Git\mingw64\bin;C:\Program Files\Git\usr\bin;C:\Users\JMJ\bin;C:\Program Files (x86)\Common Files\Oracle\Java\javapath;C:\Program Files\Microsoft MPI\Bin;C:\ProgramData\Oracle\Java\javapath;C:\Program Files (x86)\Intel\iCLS Client;C:\Program Files\Intel\iCLS Client;C:\WINDOWS\system32;C:\WINDOWS;C:\WINDOWS\System32\Wbem;C:\WINDOWS\System32\WindowsPowerShell\v1.0;C:\Program Files (x86)\Intel\Intel(R) Management Engine Components\DAL;C:\Program Files\Intel\Intel(R) Management Engine Components\DAL;C:\Program Files (x86)\Intel\Intel(R) Management Engine Components\IPT;C:\Program Files\Intel\Intel(R) Management Engine Components\IPT;C:\Program Files\nodejs;C:\Program Files\PuTTY;C:\Program Files (x86)\Microsoft SQL Server\Client SDK\ODBC\130\Tools\Binn;C:\Program Files (x86)\Microsoft SQL Server\140\Tools\Binn;C:\Program Files (x86)\Microsoft SQL Server\140\DTS\Binn;C:\Program Files (x86)\Microsoft SQL Server\140\Tools\Binn\ManagementStudio;C:\Program Files\apache-maven-3.5.0\bin;C:\Program Files\Java\jdk1.8.0_144;C:\Program Files\Microsoft SQL Server\120\DTS\Binn;C:\Program Files\Microsoft SQL Server\Client SDK\ODBC\110\Tools\Binn;C:\Program Files (x86)\Microsoft SQL Server\120\Tools\Binn;C:\Program Files\Microsoft SQL Server\120\Tools\Binn;C:\Program Files (x86)\Microsoft SQL Server\120\Tools\Binn\ManagementStudio;C:\Program Files (x86)\Microsoft SQL Server\120\DTS\Binn;C:\Program Files\TortoiseGit\bin;C:\Program Files (x86)\Skype\Phone;C:\Program Files\dotnet;C:\Program Files\Microsoft SQL Server\130\Tools\Binn;C:\WINDOWS\System32\OpenSSH;C:\Program Files\Git\cmd;C:\Program Files\Microsoft VS Code\bin;C:\Users\JMJ\AppData\Local\Microsoft\WindowsApps;C:\Users\JMJ\AppData\Local\atom\bin;C:\Users\JMJ\AppData\Roaming\npm;C:\Users\JMJ\AppData\Local\Microsoft\WindowsApps;C:\Program Files\Microsoft VS Code\bin;C:\Users\JMJ\AppData\Local\Programs\Fiddler;C:\Program Files\Heroku\bin;C:\Program Files\Git\usr\bin\vendor_perl;C:\Program Files\Git\usr\bin\core_perl
10 verbose lifecycle tabler-ui@0.0.32~dist: CWD: C:\workspace\git\tabler
11 silly lifecycle tabler-ui@0.0.32~dist: Args: [ '/d /s /c',
11 silly lifecycle   'gulp build && JEKYLL_ENV=production jekyll build --destination dist' ]
12 silly lifecycle tabler-ui@0.0.32~dist: Returned: code: 1  signal: null
13 info lifecycle tabler-ui@0.0.32~dist: Failed to exec dist script
14 verbose stack Error: tabler-ui@0.0.32 dist: `gulp build && JEKYLL_ENV=production jekyll build --destination dist`
14 verbose stack Exit status 1
14 verbose stack     at EventEmitter.<anonymous> (C:\Users\JMJ\AppData\Roaming\npm\node_modules\npm\lib\utils\lifecycle.js:255:16)
14 verbose stack     at emitTwo (events.js:106:13)
14 verbose stack     at EventEmitter.emit (events.js:191:7)
14 verbose stack     at ChildProcess.<anonymous> (C:\Users\JMJ\AppData\Roaming\npm\node_modules\npm\lib\utils\spawn.js:40:14)
14 verbose stack     at emitTwo (events.js:106:13)
14 verbose stack     at ChildProcess.emit (events.js:191:7)
14 verbose stack     at maybeClose (internal/child_process.js:920:16)
14 verbose stack     at Process.ChildProcess._handle.onexit (internal/child_process.js:230:5)
15 verbose pkgid tabler-ui@0.0.32
16 verbose cwd C:\workspace\git\tabler
17 error Windows_NT 10.0.17134
18 error argv "C:\\Program Files\\nodejs\\node.exe" "C:\\Users\\JMJ\\AppData\\Roaming\\npm\\node_modules\\npm\\bin\\npm-cli.js" "run" "dist"
19 error node v6.11.3
20 error npm  v3.10.10
21 error code ELIFECYCLE
22 error tabler-ui@0.0.32 dist: `gulp build && JEKYLL_ENV=production jekyll build --destination dist`
22 error Exit status 1
23 error Failed at the tabler-ui@0.0.32 dist script 'gulp build && JEKYLL_ENV=production jekyll build --destination dist'.
23 error Make sure you have the latest version of node.js and npm installed.
23 error If you do, this is most likely a problem with the tabler-ui package,
23 error not with npm itself.
23 error Tell the author that this fails on your system:
23 error     gulp build && JEKYLL_ENV=production jekyll build --destination dist
23 error You can get information on how to open an issue for this project with:
23 error     npm bugs tabler-ui
23 error Or if that isn't available, you can get their info via:
23 error     npm owner ls tabler-ui
23 error There is likely additional logging output above.
24 verbose exit [ 1, true ]
